<?xml version="1.0" encoding="UTF-8"?>
<testsuite xmlns:xsi="http://www.w3.org/2001/XMLSchema-instance" xsi:noNamespaceSchemaLocation="https://maven.apache.org/surefire/maven-surefire-plugin/xsd/surefire-test-report.xsd" version="3.0.2" name="org.springframework.samples.petclinic.MySqlIntegrationTests" time="63.712" tests="2" errors="0" skipped="0" failures="0">
  <properties>
[...]
</properties>
  <testcase name="testFindAll" classname="org.springframework.samples.petclinic.MySqlIntegrationTests" time="0.053">
    <system-out><![CDATA[2026-01-04T17:10:07.673Z  INFO 7055 --- [           main] t.c.s.AnnotationConfigContextLoaderUtils : Could not detect default configuration classes for test class [org.springframework.samples.petclinic.MySqlIntegrationTests]: MySqlIntegrationTests does not declare any static, non-private, non-final, nested classes annotated with @Configuration.
2026-01-04T17:10:07.688Z  INFO 7055 --- [           main] tc.mysql:9.5                             : Pulling docker image: mysql:9.5. Please be patient; this may take some time but only needs to be done once.
2026-01-04T17:10:10.177Z  INFO 7055 --- [eam--1435220625] tc.mysql:9.5                             : Starting to pull image
2026-01-04T17:10:10.178Z  INFO 7055 --- [eam--1435220625] tc.mysql:9.5                             : Pulling image layers:  0 pending,  0 downloaded,  0 extracted, (0 bytes/0 bytes)
2026-01-04T17:10:11.727Z  INFO 7055 --- [eam--1435220625] tc.mysql:9.5                             : Pulling image layers:  9 pending,  1 downloaded,  0 extracted, (22 MB/? MB)
2026-01-04T17:10:12.130Z  INFO 7055 --- [eam--1435220625] tc.mysql:9.5                             : Pulling image layers:  8 pending,  2 downloaded,  0 extracted, (22 MB/? MB)
2026-01-04T17:10:12.147Z  INFO 7055 --- [eam--1435220625] tc.mysql:9.5                             : Pulling image layers:  7 pending,  3 downloaded,  0 extracted, (23 MB/? MB)
2026-01-04T17:10:12.429Z  INFO 7055 --- [eam--1435220625] tc.mysql:9.5                             : Pulling image layers:  6 pending,  4 downloaded,  0 extracted, (23 MB/? MB)
2026-01-04T17:10:12.820Z  INFO 7055 --- [eam--1435220625] tc.mysql:9.5                             : Pulling image layers:  5 pending,  5 downloaded,  0 extracted, (28 MB/? MB)
2026-01-04T17:10:13.399Z  INFO 7055 --- [eam--1435220625] tc.mysql:9.5                             : Pulling image layers:  4 pending,  6 downloaded,  0 extracted, (40 MB/? MB)
2026-01-04T17:10:14.071Z  INFO 7055 --- [eam--1435220625] tc.mysql:9.5                             : Pulling image layers:  3 pending,  7 downloaded,  0 extracted, (57 MB/? MB)
2026-01-04T17:10:14.434Z  INFO 7055 --- [eam--1435220625] tc.mysql:9.5                             : Pulling image layers:  3 pending,  7 downloaded,  1 extracted, (103 MB/? MB)
2026-01-04T17:10:14.714Z  INFO 7055 --- [eam--1435220625] tc.mysql:9.5                             : Pulling image layers:  2 pending,  8 downloaded,  1 extracted, (135 MB/? MB)
2026-01-04T17:10:14.815Z  INFO 7055 --- [eam--1435220625] tc.mysql:9.5                             : Pulling image layers:  1 pending,  9 downloaded,  1 extracted, (142 MB/? MB)
2026-01-04T17:10:15.621Z  INFO 7055 --- [eam--1435220625] tc.mysql:9.5                             : Pulling image layers:  0 pending, 10 downloaded,  1 extracted, (242 MB/262 MB)
2026-01-04T17:10:17.509Z  INFO 7055 --- [eam--1435220625] tc.mysql:9.5                             : Pulling image layers:  0 pending, 10 downloaded,  2 extracted, (242 MB/262 MB)
2026-01-04T17:10:18.936Z  INFO 7055 --- [eam--1435220625] tc.mysql:9.5                             : Pulling image layers:  0 pending, 10 downloaded,  3 extracted, (242 MB/262 MB)
2026-01-04T17:10:19.417Z  INFO 7055 --- [eam--1435220625] tc.mysql:9.5                             : Pulling image layers:  0 pending, 10 downloaded,  4 extracted, (248 MB/262 MB)
2026-01-04T17:10:19.446Z  INFO 7055 --- [eam--1435220625] tc.mysql:9.5                             : Pulling image layers:  0 pending, 10 downloaded,  5 extracted, (248 MB/262 MB)
2026-01-04T17:10:19.476Z  INFO 7055 --- [eam--1435220625] tc.mysql:9.5                             : Pulling image layers:  0 pending, 10 downloaded,  6 extracted, (248 MB/262 MB)
2026-01-04T17:10:22.576Z  INFO 7055 --- [eam--1435220625] tc.mysql:9.5                             : Pulling image layers:  0 pending, 10 downloaded,  7 extracted, (252 MB/262 MB)
2026-01-04T17:10:22.612Z  INFO 7055 --- [eam--1435220625] tc.mysql:9.5                             : Pulling image layers:  0 pending, 10 downloaded,  8 extracted, (252 MB/262 MB)
2026-01-04T17:10:41.438Z  INFO 7055 --- [eam--1435220625] tc.mysql:9.5                             : Pulling image layers:  0 pending, 10 downloaded,  9 extracted, (262 MB/262 MB)
2026-01-04T17:10:41.635Z  INFO 7055 --- [eam--1435220625] tc.mysql:9.5                             : Pulling image layers:  0 pending, 10 downloaded, 10 extracted, (262 MB/262 MB)
2026-01-04T17:10:41.656Z  INFO 7055 --- [           main] tc.mysql:9.5                             : Image mysql:9.5 pull took PT33.968220504S
2026-01-04T17:10:41.656Z  INFO 7055 --- [eam--1435220625] tc.mysql:9.5                             : Pull complete. 10 layers, pulled in 31s (downloaded 262 MB at 8 MB/s)
2026-01-04T17:10:41.678Z  INFO 7055 --- [           main] .b.t.c.SpringBootTestContextBootstrapper : Found @SpringBootConfiguration org.springframework.samples.petclinic.PetClinicApplication for test class org.springframework.samples.petclinic.MySqlIntegrationTests
2026-01-04T17:10:41.684Z  INFO 7055 --- [           main] tc.mysql:9.5                             : Creating container for image: mysql:9.5
2026-01-04T17:10:41.725Z  INFO 7055 --- [           main] tc.mysql:9.5                             : Container mysql:9.5 is starting: 4de3c50f9d8c06ebf295480c0820fee818ed91ed33b9631e7009bf21ff1eaf79
2026-01-04T17:10:42.039Z  INFO 7055 --- [           main] tc.mysql:9.5                             : Waiting for database connection to become available at jdbc:mysql://172.17.0.1:32769/test using query 'SELECT 1'
2026-01-04T17:10:55.471Z  INFO 7055 --- [           main] tc.mysql:9.5                             : Container mysql:9.5 started in PT13.786035076S
2026-01-04T17:10:55.471Z  INFO 7055 --- [           main] tc.mysql:9.5                             : Container is started (JDBC URL: jdbc:mysql://172.17.0.1:32769/test)
2026-01-04T17:10:55.476Z  INFO 7055 --- [           main] o.s.b.d.r.RestartApplicationListener     : Restart disabled due to context in which it is running


              |\      _,,,--,,_
             /,`.-'`'   ._  \-;;,_
  _______ __|,4-  ) )_   .;.(__`'-'__     ___ __    _ ___ _______
 |       | '---''(_/._)-'(_\_)   |   |   |   |  |  | |   |       |
 |    _  |    ___|_     _|       |   |   |   |   |_| |   |       | __ _ _
 |   |_| |   |___  |   | |       |   |   |   |       |   |       | \ \ \ \
 |    ___|    ___| |   | |      _|   |___|   |  _    |   |      _|  \ \ \ \
 |   |   |   |___  |   | |     |_|       |   | | |   |   |     |_    ) ) ) )
 |___|   |_______| |___| |_______|_______|___|_|  |__|___|_______|  / / / /
 ==================================================================/_/_/_/

:: Built with Spring Boot :: 4.0.1


2026-01-04T17:10:55.510Z  INFO 7055 --- [           main] o.s.s.petclinic.MySqlIntegrationTests    : Starting MySqlIntegrationTests using Java 25.0.1 with PID 7055 (started by codespace in /workspaces/Petclinic-deploy/spring-petclinic)
2026-01-04T17:10:55.510Z  INFO 7055 --- [           main] o.s.s.petclinic.MySqlIntegrationTests    : The following 1 profile is active: "mysql"
2026-01-04T17:10:55.871Z  INFO 7055 --- [           main] .s.d.r.c.RepositoryConfigurationDelegate : Bootstrapping Spring Data JPA repositories in DEFAULT mode.
2026-01-04T17:10:55.886Z  INFO 7055 --- [           main] .s.d.r.c.RepositoryConfigurationDelegate : Finished Spring Data repository scanning in 13 ms. Found 3 JPA repository interfaces.
2026-01-04T17:10:56.019Z  INFO 7055 --- [           main] o.s.boot.tomcat.TomcatWebServer          : Tomcat initialized with port 0 (http)
2026-01-04T17:10:56.020Z  INFO 7055 --- [           main] o.apache.catalina.core.StandardService   : Starting service [Tomcat]
2026-01-04T17:10:56.021Z  INFO 7055 --- [           main] o.apache.catalina.core.StandardEngine    : Starting Servlet engine: [Apache Tomcat/11.0.15]
2026-01-04T17:10:56.041Z  INFO 7055 --- [           main] b.w.c.s.WebApplicationContextInitializer : Root WebApplicationContext: initialization completed in 527 ms
2026-01-04T17:10:56.258Z  INFO 7055 --- [           main] com.zaxxer.hikari.HikariDataSource       : HikariPool-3 - Starting...
2026-01-04T17:10:56.744Z  INFO 7055 --- [           main] com.zaxxer.hikari.pool.HikariPool        : HikariPool-3 - Added connection com.mysql.cj.jdbc.ConnectionImpl@739e64ee
2026-01-04T17:10:56.745Z  INFO 7055 --- [           main] com.zaxxer.hikari.HikariDataSource       : HikariPool-3 - Start completed.
2026-01-04T17:10:57.099Z  INFO 7055 --- [           main] org.hibernate.orm.jpa                    : HHH008540: Processing PersistenceUnitInfo [name: default]
2026-01-04T17:10:57.144Z  INFO 7055 --- [           main] o.s.o.j.p.SpringPersistenceUnitInfo      : No LoadTimeWeaver setup: ignoring JPA class transformer
2026-01-04T17:10:57.197Z  INFO 7055 --- [           main] org.hibernate.orm.connections.pooling    : HHH10001005: Database info:
	Database JDBC URL [jdbc:mysql://172.17.0.1:32769/test]
	Database driver: MySQL Connector/J
	Database dialect: MySQLDialect
	Database version: 9.5
	Default catalog/schema: test/undefined
	Autocommit mode: undefined/unknown
	Isolation level: REPEATABLE_READ [default REPEATABLE_READ]
	JDBC fetch size: none
	Pool: DataSourceConnectionProvider
	Minimum pool size: undefined/unknown
	Maximum pool size: undefined/unknown
2026-01-04T17:10:57.440Z  INFO 7055 --- [           main] org.hibernate.orm.core                   : HHH000489: No JTA platform available (set 'hibernate.transaction.jta.platform' to enable JTA platform integration)
2026-01-04T17:10:57.441Z  INFO 7055 --- [           main] j.LocalContainerEntityManagerFactoryBean : Initialized JPA EntityManagerFactory for persistence unit 'default'
2026-01-04T17:10:57.475Z  INFO 7055 --- [           main] tc.mysql:9.5                             : Creating container for image: mysql:9.5
2026-01-04T17:10:57.660Z  INFO 7055 --- [           main] tc.mysql:9.5                             : Container mysql:9.5 is starting: 69f2931bc42bdc226fc65608466a87bad2c344bf45cc827428a3de09bbe03852
2026-01-04T17:10:58.003Z  INFO 7055 --- [           main] tc.mysql:9.5                             : Waiting for database connection to become available at jdbc:mysql://172.17.0.1:32770/test using query 'SELECT 1'
2026-01-04T17:11:10.453Z  INFO 7055 --- [           main] tc.mysql:9.5                             : Container mysql:9.5 started in PT12.978725157S
2026-01-04T17:11:10.454Z  INFO 7055 --- [           main] tc.mysql:9.5                             : Container is started (JDBC URL: jdbc:mysql://172.17.0.1:32770/test)
2026-01-04T17:11:10.757Z  INFO 7055 --- [           main] o.s.b.a.e.web.EndpointLinksResolver      : Exposing 13 endpoints beneath base path '/actuator'
2026-01-04T17:11:10.793Z  INFO 7055 --- [           main] o.s.boot.tomcat.TomcatWebServer          : Tomcat started on port 44957 (http) with context path '/'
2026-01-04T17:11:10.801Z  INFO 7055 --- [           main] o.s.s.petclinic.MySqlIntegrationTests    : Started MySqlIntegrationTests in 15.325 seconds (process running for 116.453)
]]></system-out>
  </testcase>
  <testcase name="testOwnerDetails" classname="org.springframework.samples.petclinic.MySqlIntegrationTests" time="0.296">
    <system-out><![CDATA[2026-01-04T17:11:10.873Z  INFO 7055 --- [o-auto-4-exec-2] o.a.c.c.C.[Tomcat-3].[localhost].[/]     : Initializing Spring DispatcherServlet 'dispatcherServlet'
2026-01-04T17:11:10.873Z  INFO 7055 --- [o-auto-4-exec-2] o.s.web.servlet.DispatcherServlet        : Initializing Servlet 'dispatcherServlet'
2026-01-04T17:11:10.875Z  INFO 7055 --- [o-auto-4-exec-2] o.s.web.servlet.DispatcherServlet        : Completed initialization in 2 ms
]]></system-out>
  </testcase>
</testsuite>