<?xml version="1.0" encoding="UTF-8"?>
<testsuite xmlns:xsi="http://www.w3.org/2001/XMLSchema-instance" xsi:noNamespaceSchemaLocation="https://maven.apache.org/surefire/maven-surefire-plugin/xsd/surefire-test-report.xsd" version="3.0.2" name="org.springframework.samples.petclinic.PostgresIntegrationTests" time="31.659" tests="2" errors="0" skipped="0" failures="0">
  <properties>
[...]
</properties>
  <testcase name="testFindAll" classname="org.springframework.samples.petclinic.PostgresIntegrationTests" time="0.044">
    <system-out><![CDATA[2026-01-04T17:09:36.003Z  INFO 7055 --- [           main] t.c.s.AnnotationConfigContextLoaderUtils : Could not detect default configuration classes for test class [org.springframework.samples.petclinic.PostgresIntegrationTests]: PostgresIntegrationTests does not declare any static, non-private, non-final, nested classes annotated with @Configuration.
2026-01-04T17:09:36.009Z  INFO 7055 --- [           main] .b.t.c.SpringBootTestContextBootstrapper : Found @SpringBootConfiguration org.springframework.samples.petclinic.PetClinicApplication for test class org.springframework.samples.petclinic.PostgresIntegrationTests
2026-01-04T17:09:36.033Z  INFO 7055 --- [           main] org.testcontainers.DockerClientFactory   : Testcontainers version: 2.0.3
2026-01-04T17:09:37.263Z  INFO 7055 --- [           main] o.t.d.DockerClientProviderStrategy       : Found Docker environment with local Unix socket (unix:///var/run/docker.sock)
2026-01-04T17:09:37.300Z  INFO 7055 --- [           main] org.testcontainers.DockerClientFactory   : Docker host IP address is 172.17.0.1
2026-01-04T17:09:37.323Z  INFO 7055 --- [           main] org.testcontainers.DockerClientFactory   : Connected to docker: 
  Server Version: 28.5.1-1
  API Version: 1.51
  Operating System: Ubuntu 24.04.3 LTS (containerized)
  Total Memory: 7944 MB
2026-01-04T17:09:37.341Z  INFO 7055 --- [           main] org.testcontainers.images.PullPolicy     : Image pull policy will be performed by: DefaultPullPolicy()
2026-01-04T17:09:37.344Z  INFO 7055 --- [           main] o.t.utility.ImageNameSubstitutor         : Image name substitution will be performed by: DefaultImageNameSubstitutor (composite of 'ConfigurationFileImageNameSubstitutor' and 'PrefixingImageNameSubstitutor')
2026-01-04T17:09:37.396Z  INFO 7055 --- [           main] tc.testcontainers/ryuk:0.13.0            : Pulling docker image: testcontainers/ryuk:0.13.0. Please be patient; this may take some time but only needs to be done once.
2026-01-04T17:09:40.088Z  INFO 7055 --- [ream-1856635349] tc.testcontainers/ryuk:0.13.0            : Starting to pull image
2026-01-04T17:09:40.113Z  INFO 7055 --- [ream-1856635349] tc.testcontainers/ryuk:0.13.0            : Pulling image layers:  0 pending,  0 downloaded,  0 extracted, (0 bytes/0 bytes)
2026-01-04T17:09:41.394Z  INFO 7055 --- [ream-1856635349] tc.testcontainers/ryuk:0.13.0            : Pulling image layers:  1 pending,  1 downloaded,  0 extracted, (211 KB/? MB)
2026-01-04T17:09:41.409Z  INFO 7055 --- [ream-1856635349] tc.testcontainers/ryuk:0.13.0            : Pulling image layers:  1 pending,  1 downloaded,  1 extracted, (281 KB/? MB)
2026-01-04T17:09:41.458Z  INFO 7055 --- [ream-1856635349] tc.testcontainers/ryuk:0.13.0            : Pulling image layers:  0 pending,  2 downloaded,  1 extracted, (281 KB/6 MB)
2026-01-04T17:09:41.711Z  INFO 7055 --- [ream-1856635349] tc.testcontainers/ryuk:0.13.0            : Pulling image layers:  0 pending,  2 downloaded,  2 extracted, (6 MB/6 MB)
2026-01-04T17:09:41.728Z  INFO 7055 --- [ream-1856635349] tc.testcontainers/ryuk:0.13.0            : Pull complete. 2 layers, pulled in 1s (downloaded 6 MB at 6 MB/s)
2026-01-04T17:09:41.728Z  INFO 7055 --- [           main] tc.testcontainers/ryuk:0.13.0            : Image testcontainers/ryuk:0.13.0 pull took PT4.331693833S
2026-01-04T17:09:41.763Z  INFO 7055 --- [           main] tc.testcontainers/ryuk:0.13.0            : Creating container for image: testcontainers/ryuk:0.13.0
2026-01-04T17:09:42.011Z  INFO 7055 --- [           main] tc.testcontainers/ryuk:0.13.0            : Container testcontainers/ryuk:0.13.0 is starting: 5e09078de01612e9536d725577dd6b339c337fec8e66dd63bab9d25d64265c32
2026-01-04T17:09:43.373Z  INFO 7055 --- [           main] tc.testcontainers/ryuk:0.13.0            : Container testcontainers/ryuk:0.13.0 started in PT1.610341482S
2026-01-04T17:09:43.378Z  INFO 7055 --- [           main] o.t.utility.RyukResourceReaper           : Ryuk started - will monitor and terminate Testcontainers containers on JVM exit
2026-01-04T17:09:43.379Z  INFO 7055 --- [           main] org.testcontainers.DockerClientFactory   : Checking the system...
2026-01-04T17:09:43.379Z  INFO 7055 --- [           main] org.testcontainers.DockerClientFactory   : ✔︎ Docker server version should be at least 1.6.0
2026-01-04T17:09:43.384Z  INFO 7055 --- [           main] o.s.b.d.r.RestartApplicationListener     : Restart disabled due to context in which it is running


              |\      _,,,--,,_
             /,`.-'`'   ._  \-;;,_
  _______ __|,4-  ) )_   .;.(__`'-'__     ___ __    _ ___ _______
 |       | '---''(_/._)-'(_\_)   |   |   |   |  |  | |   |       |
 |    _  |    ___|_     _|       |   |   |   |   |_| |   |       | __ _ _
 |   |_| |   |___  |   | |       |   |   |   |       |   |       | \ \ \ \
 |    ___|    ___| |   | |      _|   |___|   |  _    |   |      _|  \ \ \ \
 |   |   |   |___  |   | |     |_|       |   | | |   |   |     |_    ) ) ) )
 |___|   |_______| |___| |_______|_______|___|_|  |__|___|_______|  / / / /
 ==================================================================/_/_/_/

:: Built with Spring Boot :: 4.0.1


2026-01-04T17:09:43.440Z  INFO 7055 --- [           main] o.s.s.p.PostgresIntegrationTests         : Starting PostgresIntegrationTests using Java 25.0.1 with PID 7055 (started by codespace in /workspaces/Petclinic-deploy/spring-petclinic)
2026-01-04T17:09:43.441Z  INFO 7055 --- [           main] o.s.s.p.PostgresIntegrationTests         : The following 1 profile is active: "postgres"
2026-01-04T17:09:43.452Z  INFO 7055 --- [           main] .s.b.d.c.l.DockerComposeLifecycleManager : Using Docker Compose file /workspaces/Petclinic-deploy/spring-petclinic/docker-compose.yml
2026-01-04T17:09:43.986Z  INFO 7055 --- [utReader-stderr] o.s.boot.docker.compose.core.DockerCli   :  postgres Pulling 
2026-01-04T17:09:47.125Z  INFO 7055 --- [utReader-stderr] o.s.boot.docker.compose.core.DockerCli   :  02d7611c4eae Pulling fs layer 
2026-01-04T17:09:47.126Z  INFO 7055 --- [utReader-stderr] o.s.boot.docker.compose.core.DockerCli   :  9172e24e2f38 Pulling fs layer 
2026-01-04T17:09:47.126Z  INFO 7055 --- [utReader-stderr] o.s.boot.docker.compose.core.DockerCli   :  b96e97bb6a7e Pulling fs layer 
2026-01-04T17:09:47.126Z  INFO 7055 --- [utReader-stderr] o.s.boot.docker.compose.core.DockerCli   :  2d949714b376 Pulling fs layer 
2026-01-04T17:09:47.126Z  INFO 7055 --- [utReader-stderr] o.s.boot.docker.compose.core.DockerCli   :  220a79c3dc48 Pulling fs layer 
2026-01-04T17:09:47.126Z  INFO 7055 --- [utReader-stderr] o.s.boot.docker.compose.core.DockerCli   :  0cd9f01fbe30 Pulling fs layer 
2026-01-04T17:09:47.126Z  INFO 7055 --- [utReader-stderr] o.s.boot.docker.compose.core.DockerCli   :  4346024d450e Pulling fs layer 
2026-01-04T17:09:47.126Z  INFO 7055 --- [utReader-stderr] o.s.boot.docker.compose.core.DockerCli   :  923097c40912 Pulling fs layer 
2026-01-04T17:09:47.126Z  INFO 7055 --- [utReader-stderr] o.s.boot.docker.compose.core.DockerCli   :  af774b3ad574 Pulling fs layer 
2026-01-04T17:09:47.126Z  INFO 7055 --- [utReader-stderr] o.s.boot.docker.compose.core.DockerCli   :  cbc8979f5730 Pulling fs layer 
2026-01-04T17:09:47.126Z  INFO 7055 --- [utReader-stderr] o.s.boot.docker.compose.core.DockerCli   :  2968aa50182d Pulling fs layer 
2026-01-04T17:09:47.126Z  INFO 7055 --- [utReader-stderr] o.s.boot.docker.compose.core.DockerCli   :  9532f2df07c4 Pulling fs layer 
2026-01-04T17:09:47.127Z  INFO 7055 --- [utReader-stderr] o.s.boot.docker.compose.core.DockerCli   :  4be82039e701 Pulling fs layer 
2026-01-04T17:09:47.127Z  INFO 7055 --- [utReader-stderr] o.s.boot.docker.compose.core.DockerCli   :  2d949714b376 Waiting 
2026-01-04T17:09:47.127Z  INFO 7055 --- [utReader-stderr] o.s.boot.docker.compose.core.DockerCli   :  923097c40912 Waiting 
2026-01-04T17:09:47.127Z  INFO 7055 --- [utReader-stderr] o.s.boot.docker.compose.core.DockerCli   :  af774b3ad574 Waiting 
2026-01-04T17:09:47.127Z  INFO 7055 --- [utReader-stderr] o.s.boot.docker.compose.core.DockerCli   :  cbc8979f5730 Waiting 
2026-01-04T17:09:47.127Z  INFO 7055 --- [utReader-stderr] o.s.boot.docker.compose.core.DockerCli   :  220a79c3dc48 Waiting 
2026-01-04T17:09:47.127Z  INFO 7055 --- [utReader-stderr] o.s.boot.docker.compose.core.DockerCli   :  0cd9f01fbe30 Waiting 
2026-01-04T17:09:47.127Z  INFO 7055 --- [utReader-stderr] o.s.boot.docker.compose.core.DockerCli   :  4346024d450e Waiting 
2026-01-04T17:09:47.127Z  INFO 7055 --- [utReader-stderr] o.s.boot.docker.compose.core.DockerCli   :  2968aa50182d Waiting 
2026-01-04T17:09:47.127Z  INFO 7055 --- [utReader-stderr] o.s.boot.docker.compose.core.DockerCli   :  9532f2df07c4 Waiting 
2026-01-04T17:09:47.127Z  INFO 7055 --- [utReader-stderr] o.s.boot.docker.compose.core.DockerCli   :  4be82039e701 Waiting 
2026-01-04T17:09:47.753Z  INFO 7055 --- [utReader-stderr] o.s.boot.docker.compose.core.DockerCli   :  02d7611c4eae Downloading [>                                                  ]  307.2kB/29.78MB
2026-01-04T17:09:47.773Z  INFO 7055 --- [utReader-stderr] o.s.boot.docker.compose.core.DockerCli   :  9172e24e2f38 Downloading [=======================================>           ]     934B/1.168kB
2026-01-04T17:09:47.774Z  INFO 7055 --- [utReader-stderr] o.s.boot.docker.compose.core.DockerCli   :  9172e24e2f38 Downloading [==================================================>]  1.168kB/1.168kB
2026-01-04T17:09:47.774Z  INFO 7055 --- [utReader-stderr] o.s.boot.docker.compose.core.DockerCli   :  9172e24e2f38 Verifying Checksum 
2026-01-04T17:09:47.774Z  INFO 7055 --- [utReader-stderr] o.s.boot.docker.compose.core.DockerCli   :  9172e24e2f38 Download complete 
2026-01-04T17:09:47.779Z  INFO 7055 --- [utReader-stderr] o.s.boot.docker.compose.core.DockerCli   :  b96e97bb6a7e Downloading [>                                                  ]  68.17kB/6.437MB
2026-01-04T17:09:47.838Z  INFO 7055 --- [utReader-stderr] o.s.boot.docker.compose.core.DockerCli   :  b96e97bb6a7e Verifying Checksum 
2026-01-04T17:09:47.838Z  INFO 7055 --- [utReader-stderr] o.s.boot.docker.compose.core.DockerCli   :  b96e97bb6a7e Download complete 
2026-01-04T17:09:47.853Z  INFO 7055 --- [utReader-stderr] o.s.boot.docker.compose.core.DockerCli   :  02d7611c4eae Downloading [===================>                               ]   11.4MB/29.78MB
2026-01-04T17:09:47.923Z  INFO 7055 --- [utReader-stderr] o.s.boot.docker.compose.core.DockerCli   :  02d7611c4eae Verifying Checksum 
2026-01-04T17:09:47.924Z  INFO 7055 --- [utReader-stderr] o.s.boot.docker.compose.core.DockerCli   :  02d7611c4eae Download complete 
2026-01-04T17:09:47.964Z  INFO 7055 --- [utReader-stderr] o.s.boot.docker.compose.core.DockerCli   :  02d7611c4eae Extracting [>                                                  ]  327.7kB/29.78MB
2026-01-04T17:09:48.068Z  INFO 7055 --- [utReader-stderr] o.s.boot.docker.compose.core.DockerCli   :  02d7611c4eae Extracting [=======>                                           ]  4.588MB/29.78MB
2026-01-04T17:09:48.180Z  INFO 7055 --- [utReader-stderr] o.s.boot.docker.compose.core.DockerCli   :  02d7611c4eae Extracting [===============>                                   ]  9.503MB/29.78MB
2026-01-04T17:09:48.286Z  INFO 7055 --- [utReader-stderr] o.s.boot.docker.compose.core.DockerCli   :  02d7611c4eae Extracting [===================>                               ]   11.8MB/29.78MB
2026-01-04T17:09:48.385Z  INFO 7055 --- [utReader-stderr] o.s.boot.docker.compose.core.DockerCli   :  02d7611c4eae Extracting [=============================>                     ]  17.69MB/29.78MB
2026-01-04T17:09:48.429Z  INFO 7055 --- [utReader-stderr] o.s.boot.docker.compose.core.DockerCli   :  2d949714b376 Downloading [>                                                  ]  13.25kB/1.257MB
2026-01-04T17:09:48.453Z  INFO 7055 --- [utReader-stderr] o.s.boot.docker.compose.core.DockerCli   :  2d949714b376 Verifying Checksum 
2026-01-04T17:09:48.454Z  INFO 7055 --- [utReader-stderr] o.s.boot.docker.compose.core.DockerCli   :  2d949714b376 Download complete 
2026-01-04T17:09:48.479Z  INFO 7055 --- [utReader-stderr] o.s.boot.docker.compose.core.DockerCli   :  220a79c3dc48 Downloading [>                                                  ]  85.13kB/8.204MB
2026-01-04T17:09:48.488Z  INFO 7055 --- [utReader-stderr] o.s.boot.docker.compose.core.DockerCli   :  02d7611c4eae Extracting [=======================================>           ]  23.59MB/29.78MB
2026-01-04T17:09:48.532Z  INFO 7055 --- [utReader-stderr] o.s.boot.docker.compose.core.DockerCli   :  220a79c3dc48 Verifying Checksum 
2026-01-04T17:09:48.534Z  INFO 7055 --- [utReader-stderr] o.s.boot.docker.compose.core.DockerCli   :  220a79c3dc48 Download complete 
2026-01-04T17:09:48.608Z  INFO 7055 --- [utReader-stderr] o.s.boot.docker.compose.core.DockerCli   :  0cd9f01fbe30 Downloading [>                                                  ]  13.69kB/1.312MB
2026-01-04T17:09:48.631Z  INFO 7055 --- [utReader-stderr] o.s.boot.docker.compose.core.DockerCli   :  0cd9f01fbe30 Verifying Checksum 
2026-01-04T17:09:48.631Z  INFO 7055 --- [utReader-stderr] o.s.boot.docker.compose.core.DockerCli   :  0cd9f01fbe30 Download complete 
2026-01-04T17:09:48.733Z  INFO 7055 --- [utReader-stderr] o.s.boot.docker.compose.core.DockerCli   :  02d7611c4eae Extracting [============================================>      ]  26.21MB/29.78MB
2026-01-04T17:09:48.845Z  INFO 7055 --- [utReader-stderr] o.s.boot.docker.compose.core.DockerCli   :  02d7611c4eae Extracting [===============================================>   ]  28.51MB/29.78MB
2026-01-04T17:09:49.018Z  INFO 7055 --- [utReader-stderr] o.s.boot.docker.compose.core.DockerCli   :  02d7611c4eae Extracting [================================================>  ]  29.16MB/29.78MB
2026-01-04T17:09:49.079Z  INFO 7055 --- [utReader-stderr] o.s.boot.docker.compose.core.DockerCli   :  4346024d450e Downloading [==================================================>]     116B/116B
2026-01-04T17:09:49.079Z  INFO 7055 --- [utReader-stderr] o.s.boot.docker.compose.core.DockerCli   :  4346024d450e Verifying Checksum 
2026-01-04T17:09:49.080Z  INFO 7055 --- [utReader-stderr] o.s.boot.docker.compose.core.DockerCli   :  4346024d450e Download complete 
2026-01-04T17:09:49.113Z  INFO 7055 --- [utReader-stderr] o.s.boot.docker.compose.core.DockerCli   :  02d7611c4eae Extracting [==================================================>]  29.78MB/29.78MB
2026-01-04T17:09:49.173Z  INFO 7055 --- [utReader-stderr] o.s.boot.docker.compose.core.DockerCli   :  923097c40912 Downloading [==============>                                    ]     934B/3.14kB
2026-01-04T17:09:49.174Z  INFO 7055 --- [utReader-stderr] o.s.boot.docker.compose.core.DockerCli   :  923097c40912 Downloading [==================================================>]   3.14kB/3.14kB
2026-01-04T17:09:49.175Z  INFO 7055 --- [utReader-stderr] o.s.boot.docker.compose.core.DockerCli   :  923097c40912 Verifying Checksum 
2026-01-04T17:09:49.175Z  INFO 7055 --- [utReader-stderr] o.s.boot.docker.compose.core.DockerCli   :  923097c40912 Download complete 
2026-01-04T17:09:49.179Z  INFO 7055 --- [utReader-stderr] o.s.boot.docker.compose.core.DockerCli   :  02d7611c4eae Pull complete 
2026-01-04T17:09:49.182Z  INFO 7055 --- [utReader-stderr] o.s.boot.docker.compose.core.DockerCli   :  9172e24e2f38 Extracting [==================================================>]  1.168kB/1.168kB
2026-01-04T17:09:49.184Z  INFO 7055 --- [utReader-stderr] o.s.boot.docker.compose.core.DockerCli   :  9172e24e2f38 Extracting [==================================================>]  1.168kB/1.168kB
2026-01-04T17:09:49.340Z  INFO 7055 --- [utReader-stderr] o.s.boot.docker.compose.core.DockerCli   :  af774b3ad574 Downloading [>                                                  ]    536kB/115.2MB
2026-01-04T17:09:49.443Z  INFO 7055 --- [utReader-stderr] o.s.boot.docker.compose.core.DockerCli   :  af774b3ad574 Downloading [====>                                              ]  10.14MB/115.2MB
2026-01-04T17:09:49.546Z  INFO 7055 --- [utReader-stderr] o.s.boot.docker.compose.core.DockerCli   :  af774b3ad574 Downloading [===========>                                       ]  26.72MB/115.2MB
2026-01-04T17:09:49.646Z  INFO 7055 --- [utReader-stderr] o.s.boot.docker.compose.core.DockerCli   :  af774b3ad574 Downloading [=================>                                 ]  40.63MB/115.2MB
2026-01-04T17:09:49.702Z  INFO 7055 --- [utReader-stderr] o.s.boot.docker.compose.core.DockerCli   :  cbc8979f5730 Downloading [==>                                                ]     933B/19.18kB
2026-01-04T17:09:49.707Z  INFO 7055 --- [utReader-stderr] o.s.boot.docker.compose.core.DockerCli   :  cbc8979f5730 Downloading [==================================================>]  19.18kB/19.18kB
2026-01-04T17:09:49.707Z  INFO 7055 --- [utReader-stderr] o.s.boot.docker.compose.core.DockerCli   :  cbc8979f5730 Verifying Checksum 
2026-01-04T17:09:49.708Z  INFO 7055 --- [utReader-stderr] o.s.boot.docker.compose.core.DockerCli   :  cbc8979f5730 Download complete 
2026-01-04T17:09:49.746Z  INFO 7055 --- [utReader-stderr] o.s.boot.docker.compose.core.DockerCli   :  af774b3ad574 Downloading [=====================>                             ]  50.26MB/115.2MB
2026-01-04T17:09:49.852Z  INFO 7055 --- [utReader-stderr] o.s.boot.docker.compose.core.DockerCli   :  af774b3ad574 Downloading [===========================>                       ]  63.58MB/115.2MB
2026-01-04T17:09:49.853Z  INFO 7055 --- [utReader-stderr] o.s.boot.docker.compose.core.DockerCli   :  2968aa50182d Downloading [==================================================>]     128B/128B
2026-01-04T17:09:49.853Z  INFO 7055 --- [utReader-stderr] o.s.boot.docker.compose.core.DockerCli   :  2968aa50182d Verifying Checksum 
2026-01-04T17:09:49.853Z  INFO 7055 --- [utReader-stderr] o.s.boot.docker.compose.core.DockerCli   :  2968aa50182d Download complete 
2026-01-04T17:09:49.949Z  INFO 7055 --- [utReader-stderr] o.s.boot.docker.compose.core.DockerCli   :  af774b3ad574 Downloading [=================================>                 ]  76.39MB/115.2MB
2026-01-04T17:09:50.054Z  INFO 7055 --- [utReader-stderr] o.s.boot.docker.compose.core.DockerCli   :  af774b3ad574 Downloading [====================================>              ]  83.31MB/115.2MB
2026-01-04T17:09:50.154Z  INFO 7055 --- [utReader-stderr] o.s.boot.docker.compose.core.DockerCli   :  af774b3ad574 Downloading [=========================================>         ]  95.58MB/115.2MB
2026-01-04T17:09:50.265Z  INFO 7055 --- [utReader-stderr] o.s.boot.docker.compose.core.DockerCli   :  af774b3ad574 Downloading [===============================================>   ]  110.6MB/115.2MB
2026-01-04T17:09:50.346Z  INFO 7055 --- [utReader-stderr] o.s.boot.docker.compose.core.DockerCli   :  af774b3ad574 Verifying Checksum 
2026-01-04T17:09:50.347Z  INFO 7055 --- [utReader-stderr] o.s.boot.docker.compose.core.DockerCli   :  af774b3ad574 Download complete 
2026-01-04T17:09:50.394Z  INFO 7055 --- [utReader-stderr] o.s.boot.docker.compose.core.DockerCli   :  9532f2df07c4 Downloading [========>                                          ]     935B/5.837kB
2026-01-04T17:09:50.394Z  INFO 7055 --- [utReader-stderr] o.s.boot.docker.compose.core.DockerCli   :  9532f2df07c4 Download complete 
2026-01-04T17:09:50.473Z  INFO 7055 --- [utReader-stderr] o.s.boot.docker.compose.core.DockerCli   :  4be82039e701 Downloading [==================================================>]     184B/184B
2026-01-04T17:09:50.473Z  INFO 7055 --- [utReader-stderr] o.s.boot.docker.compose.core.DockerCli   :  4be82039e701 Verifying Checksum 
2026-01-04T17:09:50.473Z  INFO 7055 --- [utReader-stderr] o.s.boot.docker.compose.core.DockerCli   :  4be82039e701 Download complete 
2026-01-04T17:09:50.752Z  INFO 7055 --- [utReader-stderr] o.s.boot.docker.compose.core.DockerCli   :  9172e24e2f38 Pull complete 
2026-01-04T17:09:50.760Z  INFO 7055 --- [utReader-stderr] o.s.boot.docker.compose.core.DockerCli   :  b96e97bb6a7e Extracting [>                                                  ]  65.54kB/6.437MB
2026-01-04T17:09:50.855Z  INFO 7055 --- [utReader-stderr] o.s.boot.docker.compose.core.DockerCli   :  b96e97bb6a7e Extracting [=============>                                     ]  1.769MB/6.437MB
2026-01-04T17:09:50.957Z  INFO 7055 --- [utReader-stderr] o.s.boot.docker.compose.core.DockerCli   :  b96e97bb6a7e Extracting [==========================================>        ]  5.439MB/6.437MB
2026-01-04T17:09:50.994Z  INFO 7055 --- [utReader-stderr] o.s.boot.docker.compose.core.DockerCli   :  b96e97bb6a7e Extracting [==================================================>]  6.437MB/6.437MB
2026-01-04T17:09:52.756Z  INFO 7055 --- [utReader-stderr] o.s.boot.docker.compose.core.DockerCli   :  b96e97bb6a7e Pull complete 
2026-01-04T17:09:52.760Z  INFO 7055 --- [utReader-stderr] o.s.boot.docker.compose.core.DockerCli   :  2d949714b376 Extracting [=>                                                 ]  32.77kB/1.257MB
2026-01-04T17:09:52.806Z  INFO 7055 --- [utReader-stderr] o.s.boot.docker.compose.core.DockerCli   :  2d949714b376 Extracting [==================================================>]  1.257MB/1.257MB
2026-01-04T17:09:52.889Z  INFO 7055 --- [utReader-stderr] o.s.boot.docker.compose.core.DockerCli   :  2d949714b376 Pull complete 
2026-01-04T17:09:52.894Z  INFO 7055 --- [utReader-stderr] o.s.boot.docker.compose.core.DockerCli   :  220a79c3dc48 Extracting [>                                                  ]   98.3kB/8.204MB
2026-01-04T17:09:53.000Z  INFO 7055 --- [utReader-stderr] o.s.boot.docker.compose.core.DockerCli   :  220a79c3dc48 Extracting [=================>                                 ]  2.949MB/8.204MB
2026-01-04T17:09:53.125Z  INFO 7055 --- [utReader-stderr] o.s.boot.docker.compose.core.DockerCli   :  220a79c3dc48 Extracting [=============================>                     ]  4.817MB/8.204MB
2026-01-04T17:09:53.232Z  INFO 7055 --- [utReader-stderr] o.s.boot.docker.compose.core.DockerCli   :  220a79c3dc48 Extracting [======================================>            ]  6.291MB/8.204MB
2026-01-04T17:09:53.291Z  INFO 7055 --- [utReader-stderr] o.s.boot.docker.compose.core.DockerCli   :  220a79c3dc48 Extracting [==================================================>]  8.204MB/8.204MB
2026-01-04T17:09:53.663Z  INFO 7055 --- [utReader-stderr] o.s.boot.docker.compose.core.DockerCli   :  220a79c3dc48 Pull complete 
2026-01-04T17:09:53.666Z  INFO 7055 --- [utReader-stderr] o.s.boot.docker.compose.core.DockerCli   :  0cd9f01fbe30 Extracting [=>                                                 ]  32.77kB/1.312MB
2026-01-04T17:09:53.764Z  INFO 7055 --- [utReader-stderr] o.s.boot.docker.compose.core.DockerCli   :  0cd9f01fbe30 Extracting [==================================================>]  1.312MB/1.312MB
2026-01-04T17:09:53.862Z  INFO 7055 --- [utReader-stderr] o.s.boot.docker.compose.core.DockerCli   :  0cd9f01fbe30 Pull complete 
2026-01-04T17:09:53.865Z  INFO 7055 --- [utReader-stderr] o.s.boot.docker.compose.core.DockerCli   :  4346024d450e Extracting [==================================================>]     116B/116B
2026-01-04T17:09:53.866Z  INFO 7055 --- [utReader-stderr] o.s.boot.docker.compose.core.DockerCli   :  4346024d450e Extracting [==================================================>]     116B/116B
2026-01-04T17:09:53.885Z  INFO 7055 --- [utReader-stderr] o.s.boot.docker.compose.core.DockerCli   :  4346024d450e Pull complete 
2026-01-04T17:09:53.889Z  INFO 7055 --- [utReader-stderr] o.s.boot.docker.compose.core.DockerCli   :  923097c40912 Extracting [==================================================>]   3.14kB/3.14kB
2026-01-04T17:09:53.890Z  INFO 7055 --- [utReader-stderr] o.s.boot.docker.compose.core.DockerCli   :  923097c40912 Extracting [==================================================>]   3.14kB/3.14kB
2026-01-04T17:09:53.914Z  INFO 7055 --- [utReader-stderr] o.s.boot.docker.compose.core.DockerCli   :  923097c40912 Pull complete 
2026-01-04T17:09:54.010Z  INFO 7055 --- [utReader-stderr] o.s.boot.docker.compose.core.DockerCli   :  af774b3ad574 Extracting [>                                                  ]  557.1kB/115.2MB
2026-01-04T17:09:54.112Z  INFO 7055 --- [utReader-stderr] o.s.boot.docker.compose.core.DockerCli   :  af774b3ad574 Extracting [==>                                                ]  6.128MB/115.2MB
2026-01-04T17:09:54.214Z  INFO 7055 --- [utReader-stderr] o.s.boot.docker.compose.core.DockerCli   :  af774b3ad574 Extracting [====>                                              ]   9.47MB/115.2MB
2026-01-04T17:09:54.319Z  INFO 7055 --- [utReader-stderr] o.s.boot.docker.compose.core.DockerCli   :  af774b3ad574 Extracting [=====>                                             ]  12.81MB/115.2MB
2026-01-04T17:09:54.440Z  INFO 7055 --- [utReader-stderr] o.s.boot.docker.compose.core.DockerCli   :  af774b3ad574 Extracting [=======>                                           ]  16.71MB/115.2MB
2026-01-04T17:09:54.547Z  INFO 7055 --- [utReader-stderr] o.s.boot.docker.compose.core.DockerCli   :  af774b3ad574 Extracting [========>                                          ]  20.61MB/115.2MB
2026-01-04T17:09:54.678Z  INFO 7055 --- [utReader-stderr] o.s.boot.docker.compose.core.DockerCli   :  af774b3ad574 Extracting [==========>                                        ]  23.95MB/115.2MB
2026-01-04T17:09:54.780Z  INFO 7055 --- [utReader-stderr] o.s.boot.docker.compose.core.DockerCli   :  af774b3ad574 Extracting [============>                                      ]  29.52MB/115.2MB
2026-01-04T17:09:54.886Z  INFO 7055 --- [utReader-stderr] o.s.boot.docker.compose.core.DockerCli   :  af774b3ad574 Extracting [================>                                  ]  37.32MB/115.2MB
2026-01-04T17:09:54.993Z  INFO 7055 --- [utReader-stderr] o.s.boot.docker.compose.core.DockerCli   :  af774b3ad574 Extracting [==================>                                ]  43.45MB/115.2MB
2026-01-04T17:09:55.093Z  INFO 7055 --- [utReader-stderr] o.s.boot.docker.compose.core.DockerCli   :  af774b3ad574 Extracting [====================>                              ]  47.91MB/115.2MB
2026-01-04T17:09:55.193Z  INFO 7055 --- [utReader-stderr] o.s.boot.docker.compose.core.DockerCli   :  af774b3ad574 Extracting [=======================>                           ]  54.59MB/115.2MB
2026-01-04T17:09:55.305Z  INFO 7055 --- [utReader-stderr] o.s.boot.docker.compose.core.DockerCli   :  af774b3ad574 Extracting [=========================>                         ]  57.93MB/115.2MB
2026-01-04T17:09:55.413Z  INFO 7055 --- [utReader-stderr] o.s.boot.docker.compose.core.DockerCli   :  af774b3ad574 Extracting [===========================>                       ]  62.39MB/115.2MB
2026-01-04T17:09:55.519Z  INFO 7055 --- [utReader-stderr] o.s.boot.docker.compose.core.DockerCli   :  af774b3ad574 Extracting [=============================>                     ]  69.07MB/115.2MB
2026-01-04T17:09:55.627Z  INFO 7055 --- [utReader-stderr] o.s.boot.docker.compose.core.DockerCli   :  af774b3ad574 Extracting [================================>                  ]  75.76MB/115.2MB
2026-01-04T17:09:55.732Z  INFO 7055 --- [utReader-stderr] o.s.boot.docker.compose.core.DockerCli   :  af774b3ad574 Extracting [===================================>               ]  82.44MB/115.2MB
2026-01-04T17:09:55.838Z  INFO 7055 --- [utReader-stderr] o.s.boot.docker.compose.core.DockerCli   :  af774b3ad574 Extracting [=====================================>             ]   86.9MB/115.2MB
2026-01-04T17:09:55.942Z  INFO 7055 --- [utReader-stderr] o.s.boot.docker.compose.core.DockerCli   :  af774b3ad574 Extracting [=======================================>           ]  91.91MB/115.2MB
2026-01-04T17:09:56.050Z  INFO 7055 --- [utReader-stderr] o.s.boot.docker.compose.core.DockerCli   :  af774b3ad574 Extracting [==========================================>        ]  96.93MB/115.2MB
2026-01-04T17:09:56.151Z  INFO 7055 --- [utReader-stderr] o.s.boot.docker.compose.core.DockerCli   :  af774b3ad574 Extracting [==========================================>        ]   98.6MB/115.2MB
2026-01-04T17:09:56.286Z  INFO 7055 --- [utReader-stderr] o.s.boot.docker.compose.core.DockerCli   :  af774b3ad574 Extracting [============================================>      ]  101.9MB/115.2MB
2026-01-04T17:09:56.398Z  INFO 7055 --- [utReader-stderr] o.s.boot.docker.compose.core.DockerCli   :  af774b3ad574 Extracting [============================================>      ]  103.6MB/115.2MB
2026-01-04T17:09:56.511Z  INFO 7055 --- [utReader-stderr] o.s.boot.docker.compose.core.DockerCli   :  af774b3ad574 Extracting [==============================================>    ]  106.4MB/115.2MB
2026-01-04T17:09:56.662Z  INFO 7055 --- [utReader-stderr] o.s.boot.docker.compose.core.DockerCli   :  af774b3ad574 Extracting [===============================================>   ]  109.2MB/115.2MB
2026-01-04T17:09:56.778Z  INFO 7055 --- [utReader-stderr] o.s.boot.docker.compose.core.DockerCli   :  af774b3ad574 Extracting [================================================>  ]  110.9MB/115.2MB
2026-01-04T17:09:56.912Z  INFO 7055 --- [utReader-stderr] o.s.boot.docker.compose.core.DockerCli   :  af774b3ad574 Extracting [================================================>  ]    112MB/115.2MB
2026-01-04T17:09:57.191Z  INFO 7055 --- [utReader-stderr] o.s.boot.docker.compose.core.DockerCli   :  af774b3ad574 Extracting [=================================================> ]  113.6MB/115.2MB
2026-01-04T17:09:57.356Z  INFO 7055 --- [utReader-stderr] o.s.boot.docker.compose.core.DockerCli   :  af774b3ad574 Extracting [==================================================>]  115.2MB/115.2MB
2026-01-04T17:10:01.931Z  INFO 7055 --- [utReader-stderr] o.s.boot.docker.compose.core.DockerCli   :  af774b3ad574 Pull complete 
2026-01-04T17:10:01.934Z  INFO 7055 --- [utReader-stderr] o.s.boot.docker.compose.core.DockerCli   :  cbc8979f5730 Extracting [==================================================>]  19.18kB/19.18kB
2026-01-04T17:10:01.935Z  INFO 7055 --- [utReader-stderr] o.s.boot.docker.compose.core.DockerCli   :  cbc8979f5730 Extracting [==================================================>]  19.18kB/19.18kB
2026-01-04T17:10:01.970Z  INFO 7055 --- [utReader-stderr] o.s.boot.docker.compose.core.DockerCli   :  cbc8979f5730 Pull complete 
2026-01-04T17:10:01.974Z  INFO 7055 --- [utReader-stderr] o.s.boot.docker.compose.core.DockerCli   :  2968aa50182d Extracting [==================================================>]     128B/128B
2026-01-04T17:10:01.975Z  INFO 7055 --- [utReader-stderr] o.s.boot.docker.compose.core.DockerCli   :  2968aa50182d Extracting [==================================================>]     128B/128B
2026-01-04T17:10:02.000Z  INFO 7055 --- [utReader-stderr] o.s.boot.docker.compose.core.DockerCli   :  2968aa50182d Pull complete 
2026-01-04T17:10:02.003Z  INFO 7055 --- [utReader-stderr] o.s.boot.docker.compose.core.DockerCli   :  9532f2df07c4 Extracting [==================================================>]  5.837kB/5.837kB
2026-01-04T17:10:02.005Z  INFO 7055 --- [utReader-stderr] o.s.boot.docker.compose.core.DockerCli   :  9532f2df07c4 Extracting [==================================================>]  5.837kB/5.837kB
2026-01-04T17:10:02.030Z  INFO 7055 --- [utReader-stderr] o.s.boot.docker.compose.core.DockerCli   :  9532f2df07c4 Pull complete 
2026-01-04T17:10:02.034Z  INFO 7055 --- [utReader-stderr] o.s.boot.docker.compose.core.DockerCli   :  4be82039e701 Extracting [==================================================>]     184B/184B
2026-01-04T17:10:02.035Z  INFO 7055 --- [utReader-stderr] o.s.boot.docker.compose.core.DockerCli   :  4be82039e701 Extracting [==================================================>]     184B/184B
2026-01-04T17:10:02.059Z  INFO 7055 --- [utReader-stderr] o.s.boot.docker.compose.core.DockerCli   :  4be82039e701 Pull complete 
2026-01-04T17:10:02.077Z  INFO 7055 --- [utReader-stderr] o.s.boot.docker.compose.core.DockerCli   :  postgres Pulled 
2026-01-04T17:10:02.080Z  INFO 7055 --- [utReader-stderr] o.s.boot.docker.compose.core.DockerCli   :  Network spring-petclinic_default  Creating
2026-01-04T17:10:02.130Z  INFO 7055 --- [utReader-stderr] o.s.boot.docker.compose.core.DockerCli   :  Network spring-petclinic_default  Created
2026-01-04T17:10:02.132Z  INFO 7055 --- [utReader-stderr] o.s.boot.docker.compose.core.DockerCli   :  Container spring-petclinic-postgres-1  Creating
2026-01-04T17:10:02.179Z  INFO 7055 --- [utReader-stderr] o.s.boot.docker.compose.core.DockerCli   :  Container spring-petclinic-postgres-1  Created
2026-01-04T17:10:02.180Z  INFO 7055 --- [utReader-stderr] o.s.boot.docker.compose.core.DockerCli   :  Container spring-petclinic-postgres-1  Starting
2026-01-04T17:10:02.397Z  INFO 7055 --- [utReader-stderr] o.s.boot.docker.compose.core.DockerCli   :  Container spring-petclinic-postgres-1  Started
2026-01-04T17:10:02.397Z  INFO 7055 --- [utReader-stderr] o.s.boot.docker.compose.core.DockerCli   :  Container spring-petclinic-postgres-1  Waiting
2026-01-04T17:10:02.899Z  INFO 7055 --- [utReader-stderr] o.s.boot.docker.compose.core.DockerCli   :  Container spring-petclinic-postgres-1  Healthy
2026-01-04T17:10:05.994Z  INFO 7055 --- [           main] .s.d.r.c.RepositoryConfigurationDelegate : Bootstrapping Spring Data JPA repositories in DEFAULT mode.
2026-01-04T17:10:06.009Z  INFO 7055 --- [           main] .s.d.r.c.RepositoryConfigurationDelegate : Finished Spring Data repository scanning in 13 ms. Found 3 JPA repository interfaces.
2026-01-04T17:10:06.140Z  INFO 7055 --- [           main] o.s.boot.tomcat.TomcatWebServer          : Tomcat initialized with port 0 (http)
2026-01-04T17:10:06.142Z  INFO 7055 --- [           main] o.apache.catalina.core.StandardService   : Starting service [Tomcat]
2026-01-04T17:10:06.142Z  INFO 7055 --- [           main] o.apache.catalina.core.StandardEngine    : Starting Servlet engine: [Apache Tomcat/11.0.15]
2026-01-04T17:10:06.161Z  INFO 7055 --- [           main] b.w.c.s.WebApplicationContextInitializer : Root WebApplicationContext: initialization completed in 586 ms
2026-01-04T17:10:06.236Z  INFO 7055 --- [           main] com.zaxxer.hikari.HikariDataSource       : HikariPool-2 - Starting...
2026-01-04T17:10:06.525Z  INFO 7055 --- [           main] com.zaxxer.hikari.pool.HikariPool        : HikariPool-2 - Added connection org.postgresql.jdbc.PgConnection@25b7bdbc
2026-01-04T17:10:06.525Z  INFO 7055 --- [           main] com.zaxxer.hikari.HikariDataSource       : HikariPool-2 - Start completed.
2026-01-04T17:10:06.649Z  INFO 7055 --- [           main] org.hibernate.orm.jpa                    : HHH008540: Processing PersistenceUnitInfo [name: default]
2026-01-04T17:10:06.681Z  INFO 7055 --- [           main] o.s.o.j.p.SpringPersistenceUnitInfo      : No LoadTimeWeaver setup: ignoring JPA class transformer
2026-01-04T17:10:06.723Z  INFO 7055 --- [           main] org.hibernate.orm.connections.pooling    : HHH10001005: Database info:
	Database JDBC URL [jdbc:postgresql://127.0.0.1:5432/petclinic]
	Database driver: PostgreSQL JDBC Driver
	Database dialect: PostgreSQLDialect
	Database version: 18.1
	Default catalog/schema: petclinic/public
	Autocommit mode: undefined/unknown
	Isolation level: READ_COMMITTED [default READ_COMMITTED]
	JDBC fetch size: none
	Pool: DataSourceConnectionProvider
	Minimum pool size: undefined/unknown
	Maximum pool size: undefined/unknown
2026-01-04T17:10:07.002Z  INFO 7055 --- [           main] org.hibernate.orm.core                   : HHH000489: No JTA platform available (set 'hibernate.transaction.jta.platform' to enable JTA platform integration)
2026-01-04T17:10:07.005Z  INFO 7055 --- [           main] j.LocalContainerEntityManagerFactoryBean : Initialized JPA EntityManagerFactory for persistence unit 'default'
2026-01-04T17:10:07.400Z  INFO 7055 --- [           main] o.s.b.a.e.web.EndpointLinksResolver      : Exposing 13 endpoints beneath base path '/actuator'
2026-01-04T17:10:07.441Z  INFO 7055 --- [           main] o.s.boot.tomcat.TomcatWebServer          : Tomcat started on port 44371 (http) with context path '/'
2026-01-04T17:10:07.447Z  INFO 7055 --- [           main] o.s.s.p.PostgresIntegrationTests         : Started PostgresIntegrationTests in 24.063 seconds (process running for 53.099)
]]></system-out>
  </testcase>
  <testcase name="testOwnerDetails" classname="org.springframework.samples.petclinic.PostgresIntegrationTests" time="0.151">
    <system-out><![CDATA[2026-01-04T17:10:07.515Z  INFO 7055 --- [o-auto-3-exec-1] o.a.c.c.C.[Tomcat-2].[localhost].[/]     : Initializing Spring DispatcherServlet 'dispatcherServlet'
2026-01-04T17:10:07.516Z  INFO 7055 --- [o-auto-3-exec-1] o.s.web.servlet.DispatcherServlet        : Initializing Servlet 'dispatcherServlet'
2026-01-04T17:10:07.520Z  INFO 7055 --- [o-auto-3-exec-1] o.s.web.servlet.DispatcherServlet        : Completed initialization in 4 ms
]]></system-out>
  </testcase>
</testsuite>